[INFO][main][2017-02-08 09:55:00][org.springframework.test.context.support.AbstractTestContextBootstrapper] - Loaded default TestExecutionListener class names from location [META-INF/spring.factories]: [org.springframework.test.context.web.ServletTestExecutionListener, org.springframework.test.context.support.DirtiesContextBeforeModesTestExecutionListener, org.springframework.test.context.support.DependencyInjectionTestExecutionListener, org.springframework.test.context.support.DirtiesContextTestExecutionListener, org.springframework.test.context.transaction.TransactionalTestExecutionListener, org.springframework.test.context.jdbc.SqlScriptsTestExecutionListener]
[INFO][main][2017-02-08 09:55:00][org.springframework.test.context.support.AbstractTestContextBootstrapper] - Using TestExecutionListeners: [org.springframework.test.context.web.ServletTestExecutionListener@1660bb22, org.springframework.test.context.support.DirtiesContextBeforeModesTestExecutionListener@289dc0a8, org.springframework.test.context.support.DependencyInjectionTestExecutionListener@cd36a6d, org.springframework.test.context.support.DirtiesContextTestExecutionListener@bf020af, org.springframework.test.context.transaction.TransactionalTestExecutionListener@41f1c748, org.springframework.test.context.jdbc.SqlScriptsTestExecutionListener@685269ca]
[INFO][main][2017-02-08 09:55:00][org.springframework.beans.factory.xml.XmlBeanDefinitionReader] - Loading XML bean definitions from class path resource [spring-mybatis.xml]
[INFO][main][2017-02-08 09:55:01][org.springframework.context.support.AbstractApplicationContext] - Refreshing org.springframework.context.support.GenericApplicationContext@5c7ccd08: startup date [Wed Feb 08 09:55:01 CST 2017]; root of context hierarchy
[INFO][main][2017-02-08 09:55:01][org.springframework.core.io.support.PropertiesLoaderSupport] - Loading properties file from class path resource [jdbc.properties]
[INFO][main][2017-02-08 09:55:01][org.springframework.beans.factory.annotation.AutowiredAnnotationBeanPostProcessor] - JSR-330 'javax.inject.Inject' annotation found and supported for autowiring
[INFO][Thread-0][2017-02-08 09:55:02][org.springframework.context.support.AbstractApplicationContext] - Closing org.springframework.context.support.GenericApplicationContext@5c7ccd08: startup date [Wed Feb 08 09:55:01 CST 2017]; root of context hierarchy
[INFO][main][2017-02-08 10:16:31][org.springframework.test.context.support.AbstractTestContextBootstrapper] - Loaded default TestExecutionListener class names from location [META-INF/spring.factories]: [org.springframework.test.context.web.ServletTestExecutionListener, org.springframework.test.context.support.DirtiesContextBeforeModesTestExecutionListener, org.springframework.test.context.support.DependencyInjectionTestExecutionListener, org.springframework.test.context.support.DirtiesContextTestExecutionListener, org.springframework.test.context.transaction.TransactionalTestExecutionListener, org.springframework.test.context.jdbc.SqlScriptsTestExecutionListener]
[INFO][main][2017-02-08 10:16:31][org.springframework.test.context.support.AbstractTestContextBootstrapper] - Using TestExecutionListeners: [org.springframework.test.context.web.ServletTestExecutionListener@4435db24, org.springframework.test.context.support.DirtiesContextBeforeModesTestExecutionListener@2bc63b78, org.springframework.test.context.support.DependencyInjectionTestExecutionListener@636a59bb, org.springframework.test.context.support.DirtiesContextTestExecutionListener@5b2936fa, org.springframework.test.context.transaction.TransactionalTestExecutionListener@6ed885d7, org.springframework.test.context.jdbc.SqlScriptsTestExecutionListener@493b1f1b]
[INFO][main][2017-02-08 10:16:31][org.springframework.beans.factory.xml.XmlBeanDefinitionReader] - Loading XML bean definitions from class path resource [spring-mybatis.xml]
[INFO][main][2017-02-08 10:16:31][org.springframework.context.support.AbstractApplicationContext] - Refreshing org.springframework.context.support.GenericApplicationContext@5a6c4a07: startup date [Wed Feb 08 10:16:31 CST 2017]; root of context hierarchy
[INFO][main][2017-02-08 10:16:31][org.springframework.core.io.support.PropertiesLoaderSupport] - Loading properties file from class path resource [jdbc.properties]
[INFO][main][2017-02-08 10:16:31][org.springframework.beans.factory.annotation.AutowiredAnnotationBeanPostProcessor] - JSR-330 'javax.inject.Inject' annotation found and supported for autowiring
[INFO][Thread-0][2017-02-08 10:16:32][org.springframework.context.support.AbstractApplicationContext] - Closing org.springframework.context.support.GenericApplicationContext@5a6c4a07: startup date [Wed Feb 08 10:16:31 CST 2017]; root of context hierarchy
[INFO][main][2017-02-08 10:17:37][org.springframework.test.context.support.AbstractTestContextBootstrapper] - Loaded default TestExecutionListener class names from location [META-INF/spring.factories]: [org.springframework.test.context.web.ServletTestExecutionListener, org.springframework.test.context.support.DirtiesContextBeforeModesTestExecutionListener, org.springframework.test.context.support.DependencyInjectionTestExecutionListener, org.springframework.test.context.support.DirtiesContextTestExecutionListener, org.springframework.test.context.transaction.TransactionalTestExecutionListener, org.springframework.test.context.jdbc.SqlScriptsTestExecutionListener]
[INFO][main][2017-02-08 10:17:37][org.springframework.test.context.support.AbstractTestContextBootstrapper] - Using TestExecutionListeners: [org.springframework.test.context.web.ServletTestExecutionListener@cd36a6d, org.springframework.test.context.support.DirtiesContextBeforeModesTestExecutionListener@bf020af, org.springframework.test.context.support.DependencyInjectionTestExecutionListener@41f1c748, org.springframework.test.context.support.DirtiesContextTestExecutionListener@685269ca, org.springframework.test.context.transaction.TransactionalTestExecutionListener@7a9f8247, org.springframework.test.context.jdbc.SqlScriptsTestExecutionListener@7e224235]
[INFO][main][2017-02-08 10:17:38][org.springframework.beans.factory.xml.XmlBeanDefinitionReader] - Loading XML bean definitions from class path resource [spring-mybatis.xml]
[INFO][main][2017-02-08 10:17:38][org.springframework.context.support.AbstractApplicationContext] - Refreshing org.springframework.context.support.GenericApplicationContext@48cb3966: startup date [Wed Feb 08 10:17:38 CST 2017]; root of context hierarchy
[INFO][main][2017-02-08 10:17:38][org.springframework.core.io.support.PropertiesLoaderSupport] - Loading properties file from class path resource [jdbc.properties]
[INFO][main][2017-02-08 10:17:38][org.springframework.beans.factory.annotation.AutowiredAnnotationBeanPostProcessor] - JSR-330 'javax.inject.Inject' annotation found and supported for autowiring
[INFO][Thread-0][2017-02-08 10:17:39][org.springframework.context.support.AbstractApplicationContext] - Closing org.springframework.context.support.GenericApplicationContext@48cb3966: startup date [Wed Feb 08 10:17:38 CST 2017]; root of context hierarchy
[INFO][main][2017-02-08 10:20:14][org.springframework.test.context.support.AbstractTestContextBootstrapper] - Loaded default TestExecutionListener class names from location [META-INF/spring.factories]: [org.springframework.test.context.web.ServletTestExecutionListener, org.springframework.test.context.support.DirtiesContextBeforeModesTestExecutionListener, org.springframework.test.context.support.DependencyInjectionTestExecutionListener, org.springframework.test.context.support.DirtiesContextTestExecutionListener, org.springframework.test.context.transaction.TransactionalTestExecutionListener, org.springframework.test.context.jdbc.SqlScriptsTestExecutionListener]
[INFO][main][2017-02-08 10:20:14][org.springframework.test.context.support.AbstractTestContextBootstrapper] - Using TestExecutionListeners: [org.springframework.test.context.web.ServletTestExecutionListener@1660bb22, org.springframework.test.context.support.DirtiesContextBeforeModesTestExecutionListener@289dc0a8, org.springframework.test.context.support.DependencyInjectionTestExecutionListener@cd36a6d, org.springframework.test.context.support.DirtiesContextTestExecutionListener@bf020af, org.springframework.test.context.transaction.TransactionalTestExecutionListener@41f1c748, org.springframework.test.context.jdbc.SqlScriptsTestExecutionListener@685269ca]
[INFO][main][2017-02-08 10:20:14][org.springframework.beans.factory.xml.XmlBeanDefinitionReader] - Loading XML bean definitions from class path resource [spring-mybatis.xml]
[INFO][main][2017-02-08 10:20:14][org.springframework.context.support.AbstractApplicationContext] - Refreshing org.springframework.context.support.GenericApplicationContext@5c7ccd08: startup date [Wed Feb 08 10:20:14 CST 2017]; root of context hierarchy
[INFO][main][2017-02-08 10:20:14][org.springframework.core.io.support.PropertiesLoaderSupport] - Loading properties file from class path resource [jdbc.properties]
[INFO][main][2017-02-08 10:20:14][org.springframework.beans.factory.annotation.AutowiredAnnotationBeanPostProcessor] - JSR-330 'javax.inject.Inject' annotation found and supported for autowiring
[INFO][Thread-0][2017-02-08 10:20:15][org.springframework.context.support.AbstractApplicationContext] - Closing org.springframework.context.support.GenericApplicationContext@5c7ccd08: startup date [Wed Feb 08 10:20:14 CST 2017]; root of context hierarchy
[INFO][main][2017-02-14 14:12:09][org.springframework.test.context.support.AbstractTestContextBootstrapper] - Loaded default TestExecutionListener class names from location [META-INF/spring.factories]: [org.springframework.test.context.web.ServletTestExecutionListener, org.springframework.test.context.support.DirtiesContextBeforeModesTestExecutionListener, org.springframework.test.context.support.DependencyInjectionTestExecutionListener, org.springframework.test.context.support.DirtiesContextTestExecutionListener, org.springframework.test.context.transaction.TransactionalTestExecutionListener, org.springframework.test.context.jdbc.SqlScriptsTestExecutionListener]
[INFO][main][2017-02-14 14:12:10][org.springframework.test.context.support.AbstractTestContextBootstrapper] - Using TestExecutionListeners: [org.springframework.test.context.web.ServletTestExecutionListener@41f1c748, org.springframework.test.context.support.DirtiesContextBeforeModesTestExecutionListener@685269ca, org.springframework.test.context.support.DependencyInjectionTestExecutionListener@7a9f8247, org.springframework.test.context.support.DirtiesContextTestExecutionListener@7e224235, org.springframework.test.context.transaction.TransactionalTestExecutionListener@7b28e644, org.springframework.test.context.jdbc.SqlScriptsTestExecutionListener@3a25b987]
[INFO][main][2017-02-14 14:12:10][org.springframework.beans.factory.xml.XmlBeanDefinitionReader] - Loading XML bean definitions from class path resource [spring-mybatis.xml]
[INFO][main][2017-02-14 14:12:11][org.springframework.context.support.AbstractApplicationContext] - Refreshing org.springframework.context.support.GenericApplicationContext@7729617b: startup date [Tue Feb 14 14:12:11 CST 2017]; root of context hierarchy
[INFO][main][2017-02-14 14:12:11][org.springframework.core.io.support.PropertiesLoaderSupport] - Loading properties file from class path resource [jdbc.properties]
[INFO][main][2017-02-14 14:12:11][org.springframework.beans.factory.annotation.AutowiredAnnotationBeanPostProcessor] - JSR-330 'javax.inject.Inject' annotation found and supported for autowiring
[INFO][Thread-0][2017-02-14 14:12:12][org.springframework.context.support.AbstractApplicationContext] - Closing org.springframework.context.support.GenericApplicationContext@7729617b: startup date [Tue Feb 14 14:12:11 CST 2017]; root of context hierarchy
[INFO][main][2017-02-14 14:12:17][org.springframework.test.context.support.AbstractTestContextBootstrapper] - Loaded default TestExecutionListener class names from location [META-INF/spring.factories]: [org.springframework.test.context.web.ServletTestExecutionListener, org.springframework.test.context.support.DirtiesContextBeforeModesTestExecutionListener, org.springframework.test.context.support.DependencyInjectionTestExecutionListener, org.springframework.test.context.support.DirtiesContextTestExecutionListener, org.springframework.test.context.transaction.TransactionalTestExecutionListener, org.springframework.test.context.jdbc.SqlScriptsTestExecutionListener]
[INFO][main][2017-02-14 14:12:17][org.springframework.test.context.support.AbstractTestContextBootstrapper] - Using TestExecutionListeners: [org.springframework.test.context.web.ServletTestExecutionListener@bf020af, org.springframework.test.context.support.DirtiesContextBeforeModesTestExecutionListener@41f1c748, org.springframework.test.context.support.DependencyInjectionTestExecutionListener@685269ca, org.springframework.test.context.support.DirtiesContextTestExecutionListener@7a9f8247, org.springframework.test.context.transaction.TransactionalTestExecutionListener@7e224235, org.springframework.test.context.jdbc.SqlScriptsTestExecutionListener@7b28e644]
[INFO][main][2017-02-14 14:12:17][org.springframework.beans.factory.xml.XmlBeanDefinitionReader] - Loading XML bean definitions from class path resource [spring-mybatis.xml]
[INFO][main][2017-02-14 14:12:18][org.springframework.context.support.AbstractApplicationContext] - Refreshing org.springframework.context.support.GenericApplicationContext@16257ce0: startup date [Tue Feb 14 14:12:18 CST 2017]; root of context hierarchy
[INFO][main][2017-02-14 14:12:18][org.springframework.core.io.support.PropertiesLoaderSupport] - Loading properties file from class path resource [jdbc.properties]
[INFO][main][2017-02-14 14:12:18][org.springframework.beans.factory.annotation.AutowiredAnnotationBeanPostProcessor] - JSR-330 'javax.inject.Inject' annotation found and supported for autowiring
[INFO][Thread-0][2017-02-14 14:12:19][org.springframework.context.support.AbstractApplicationContext] - Closing org.springframework.context.support.GenericApplicationContext@16257ce0: startup date [Tue Feb 14 14:12:18 CST 2017]; root of context hierarchy
[INFO][main][2017-04-11 11:26:32][org.springframework.context.support.AbstractApplicationContext] - Refreshing org.springframework.context.support.ClassPathXmlApplicationContext@3aa9e816: startup date [Tue Apr 11 11:26:32 CST 2017]; root of context hierarchy
[INFO][main][2017-04-11 11:26:32][org.springframework.beans.factory.xml.XmlBeanDefinitionReader] - Loading XML bean definitions from class path resource [spring-mybatis.xml]
[INFO][main][2017-04-11 11:26:33][org.springframework.core.io.support.PropertiesLoaderSupport] - Loading properties file from class path resource [jdbc.properties]
[INFO][main][2017-04-11 11:26:33][org.springframework.beans.factory.annotation.AutowiredAnnotationBeanPostProcessor] - JSR-330 'javax.inject.Inject' annotation found and supported for autowiring
[INFO][main][2017-04-11 11:27:13][org.springframework.context.support.AbstractApplicationContext] - Refreshing org.springframework.context.support.ClassPathXmlApplicationContext@3aa9e816: startup date [Tue Apr 11 11:27:13 CST 2017]; root of context hierarchy
[INFO][main][2017-04-11 11:27:13][org.springframework.beans.factory.xml.XmlBeanDefinitionReader] - Loading XML bean definitions from class path resource [spring-mybatis.xml]
[INFO][main][2017-04-11 11:27:14][org.springframework.core.io.support.PropertiesLoaderSupport] - Loading properties file from class path resource [jdbc.properties]
[INFO][main][2017-04-11 11:27:14][org.springframework.beans.factory.annotation.AutowiredAnnotationBeanPostProcessor] - JSR-330 'javax.inject.Inject' annotation found and supported for autowiring
[INFO][Thread-0][2017-04-11 11:27:14][org.springframework.context.support.AbstractApplicationContext] - Closing org.springframework.context.support.ClassPathXmlApplicationContext@3aa9e816: startup date [Tue Apr 11 11:27:13 CST 2017]; root of context hierarchy
[INFO][main][2017-04-11 11:28:50][org.springframework.context.support.AbstractApplicationContext] - Refreshing org.springframework.context.support.ClassPathXmlApplicationContext@5d22bbb7: startup date [Tue Apr 11 11:28:50 CST 2017]; root of context hierarchy
[INFO][main][2017-04-11 11:28:50][org.springframework.beans.factory.xml.XmlBeanDefinitionReader] - Loading XML bean definitions from class path resource [spring-mybatis.xml]
[INFO][main][2017-04-11 11:28:50][org.springframework.core.io.support.PropertiesLoaderSupport] - Loading properties file from class path resource [jdbc.properties]
[INFO][main][2017-04-11 11:28:50][org.springframework.beans.factory.annotation.AutowiredAnnotationBeanPostProcessor] - JSR-330 'javax.inject.Inject' annotation found and supported for autowiring
[INFO][Thread-0][2017-04-11 11:28:51][org.springframework.context.support.AbstractApplicationContext] - Closing org.springframework.context.support.ClassPathXmlApplicationContext@5d22bbb7: startup date [Tue Apr 11 11:28:50 CST 2017]; root of context hierarchy
[INFO][main][2017-04-11 11:32:33][org.springframework.context.support.AbstractApplicationContext] - Refreshing org.springframework.context.support.ClassPathXmlApplicationContext@3aa9e816: startup date [Tue Apr 11 11:32:33 CST 2017]; root of context hierarchy
[INFO][main][2017-04-11 11:32:33][org.springframework.beans.factory.xml.XmlBeanDefinitionReader] - Loading XML bean definitions from class path resource [spring-mybatis.xml]
[INFO][main][2017-04-11 11:32:33][org.springframework.core.io.support.PropertiesLoaderSupport] - Loading properties file from class path resource [jdbc.properties]
[INFO][main][2017-04-11 11:32:33][org.springframework.beans.factory.annotation.AutowiredAnnotationBeanPostProcessor] - JSR-330 'javax.inject.Inject' annotation found and supported for autowiring
[INFO][Thread-0][2017-04-11 11:32:34][org.springframework.context.support.AbstractApplicationContext] - Closing org.springframework.context.support.ClassPathXmlApplicationContext@3aa9e816: startup date [Tue Apr 11 11:32:33 CST 2017]; root of context hierarchy
[INFO][main][2017-04-11 11:32:53][org.springframework.context.support.AbstractApplicationContext] - Refreshing org.springframework.context.support.ClassPathXmlApplicationContext@5d22bbb7: startup date [Tue Apr 11 11:32:53 CST 2017]; root of context hierarchy
[INFO][main][2017-04-11 11:32:53][org.springframework.beans.factory.xml.XmlBeanDefinitionReader] - Loading XML bean definitions from class path resource [spring-mybatis.xml]
[INFO][main][2017-04-11 11:32:54][org.springframework.core.io.support.PropertiesLoaderSupport] - Loading properties file from class path resource [jdbc.properties]
[INFO][main][2017-04-11 11:32:54][org.springframework.beans.factory.annotation.AutowiredAnnotationBeanPostProcessor] - JSR-330 'javax.inject.Inject' annotation found and supported for autowiring
[INFO][Thread-0][2017-04-11 11:32:54][org.springframework.context.support.AbstractApplicationContext] - Closing org.springframework.context.support.ClassPathXmlApplicationContext@5d22bbb7: startup date [Tue Apr 11 11:32:53 CST 2017]; root of context hierarchy
[INFO][main][2017-04-11 11:33:54][org.springframework.context.support.AbstractApplicationContext] - Refreshing org.springframework.context.support.ClassPathXmlApplicationContext@3aa9e816: startup date [Tue Apr 11 11:33:54 CST 2017]; root of context hierarchy
[INFO][main][2017-04-11 11:33:54][org.springframework.beans.factory.xml.XmlBeanDefinitionReader] - Loading XML bean definitions from class path resource [spring-mybatis.xml]
[INFO][main][2017-04-11 11:33:55][org.springframework.core.io.support.PropertiesLoaderSupport] - Loading properties file from class path resource [jdbc.properties]
[INFO][main][2017-04-11 11:33:55][org.springframework.beans.factory.annotation.AutowiredAnnotationBeanPostProcessor] - JSR-330 'javax.inject.Inject' annotation found and supported for autowiring
[INFO][Thread-0][2017-04-11 11:33:55][org.springframework.context.support.AbstractApplicationContext] - Closing org.springframework.context.support.ClassPathXmlApplicationContext@3aa9e816: startup date [Tue Apr 11 11:33:54 CST 2017]; root of context hierarchy
[INFO][main][2017-04-11 11:46:43][org.springframework.context.support.AbstractApplicationContext] - Refreshing org.springframework.context.support.ClassPathXmlApplicationContext@5d22bbb7: startup date [Tue Apr 11 11:46:43 CST 2017]; root of context hierarchy
[INFO][main][2017-04-11 11:46:43][org.springframework.beans.factory.xml.XmlBeanDefinitionReader] - Loading XML bean definitions from class path resource [spring-mybatis.xml]
[INFO][main][2017-04-11 11:46:44][org.springframework.core.io.support.PropertiesLoaderSupport] - Loading properties file from class path resource [jdbc.properties]
[INFO][main][2017-04-11 11:46:44][org.springframework.beans.factory.annotation.AutowiredAnnotationBeanPostProcessor] - JSR-330 'javax.inject.Inject' annotation found and supported for autowiring
[INFO][Thread-0][2017-04-11 11:46:44][org.springframework.context.support.AbstractApplicationContext] - Closing org.springframework.context.support.ClassPathXmlApplicationContext@5d22bbb7: startup date [Tue Apr 11 11:46:43 CST 2017]; root of context hierarchy
[INFO][main][2017-04-11 11:54:33][org.springframework.context.support.AbstractApplicationContext] - Refreshing org.springframework.context.support.ClassPathXmlApplicationContext@7fac631b: startup date [Tue Apr 11 11:54:33 CST 2017]; root of context hierarchy
[INFO][main][2017-04-11 11:54:33][org.springframework.beans.factory.xml.XmlBeanDefinitionReader] - Loading XML bean definitions from class path resource [spring-mybatis.xml]
[INFO][main][2017-04-11 11:54:34][org.springframework.core.io.support.PropertiesLoaderSupport] - Loading properties file from class path resource [jdbc.properties]
[INFO][main][2017-04-11 11:54:34][org.springframework.beans.factory.annotation.AutowiredAnnotationBeanPostProcessor] - JSR-330 'javax.inject.Inject' annotation found and supported for autowiring
[INFO][Thread-0][2017-04-11 11:54:34][org.springframework.context.support.AbstractApplicationContext] - Closing org.springframework.context.support.ClassPathXmlApplicationContext@7fac631b: startup date [Tue Apr 11 11:54:33 CST 2017]; root of context hierarchy
